<?xml version="1.0" encoding="UTF-8"?>
<testng-results ignored="0" total="1" passed="1" failed="0" skipped="0">
  <reporter-output>
  </reporter-output>
  <suite started-at="2021-05-08T22:20:07 IST" name="Suite" finished-at="2021-05-08T22:20:23 IST" duration-ms="16606">
    <groups>
    </groups>
    <test started-at="2021-05-08T22:20:07 IST" name="Test" finished-at="2021-05-08T22:20:23 IST" duration-ms="16606">
      <class name="com.Phptravel.qa.testcase.HomepageTC">
        <test-method is-config="true" signature="Setup()[pri:0, instance:com.Phptravel.qa.testcase.HomepageTC@69e1dd28]" started-at="2021-05-08T22:20:07 IST" name="Setup" finished-at="2021-05-08T22:20:14 IST" duration-ms="7142" status="PASS">
          <reporter-output>
          </reporter-output>
        </test-method> <!-- Setup -->
        <test-method signature="pricelinkclick()[pri:0, instance:com.Phptravel.qa.testcase.HomepageTC@69e1dd28]" started-at="2021-05-08T22:20:14 IST" name="pricelinkclick" finished-at="2021-05-08T22:20:15 IST" duration-ms="1410" status="PASS">
          <reporter-output>
          </reporter-output>
        </test-method> <!-- pricelinkclick -->
        <test-method is-config="true" signature="teardown()[pri:0, instance:com.Phptravel.qa.testcase.HomepageTC@69e1dd28]" started-at="2021-05-08T22:20:16 IST" name="teardown" finished-at="2021-05-08T22:20:23 IST" duration-ms="7972" status="PASS">
          <reporter-output>
          </reporter-output>
        </test-method> <!-- teardown -->
      </class> <!-- com.Phptravel.qa.testcase.HomepageTC -->
    </test> <!-- Test -->
  </suite> <!-- Suite -->
</testng-results>
